# JRE version: Java(TM) SE Runtime Environment (7.0_79-b15) (build 1.7.0_79-b15)
# Java VM: Java HotSpot(TM) Client VM (24.79-b02 mixed mode windows-x86 )
Heap
 def new generation   total 235968K, used 221483K [0x04600000, 0x14600000, 0x14600000)
  eden space 209792K, 100% used [0x04600000, 0x112e0000, 0x112e0000)
  from space 26176K,  44% used [0x112e0000, 0x11e4afc0, 0x12c70000)
  to   space 26176K,   7% used [0x12c70000, 0x12e571d8, 0x14600000)
 tenured generation   total 524288K, used 23651K [0x14600000, 0x34600000, 0x34600000)
   the space 524288K,   4% used [0x14600000, 0x15d18c60, 0x15d18e00, 0x34600000)
 compacting perm gen  total 262144K, used 19144K [0x34600000, 0x44600000, 0x44600000)
   the space 262144K,   7% used [0x34600000, 0x358b2040, 0x358b2200, 0x44600000)
GC Heap History (10 events):
Event: 36.105 GC heap after
Heap after GC invocations=4 (full 0):
 def new generation   total 235968K, used 13213K [0x04600000, 0x14600000, 0x14600000)
  eden space 209792K,   0% used [0x04600000, 0x04600000, 0x112e0000)
  from space 26176K,  50% used [0x112e0000, 0x11fc75b0, 0x12c70000)
  to   space 26176K,   0% used [0x12c70000, 0x12c70000, 0x14600000)
 tenured generation   total 524288K, used 3832K [0x14600000, 0x34600000, 0x34600000)
   the space 524288K,   0% used [0x14600000, 0x149be0f8, 0x149be200, 0x34600000)
 compacting perm gen  total 262144K, used 11969K [0x34600000, 0x44600000, 0x44600000)
   the space 262144K,   4% used [0x34600000, 0x351b07c0, 0x351b0800, 0x44600000)
No shared spaces configured.
}
Event: 37.215 GC heap before
{Heap before GC invocations=4 (full 0):
 def new generation   total 235968K, used 223005K [0x04600000, 0x14600000, 0x14600000)
  eden space 209792K, 100% used [0x04600000, 0x112e0000, 0x112e0000)
  from space 26176K,  50% used [0x112e0000, 0x11fc75b0, 0x12c70000)
  to   space 26176K,   0% used [0x12c70000, 0x12c70000, 0x14600000)
 tenured generation   total 524288K, used 3832K [0x14600000, 0x34600000, 0x34600000)
   the space 524288K,   0% used [0x14600000, 0x149be0f8, 0x149be200, 0x34600000)
 compacting perm gen  total 262144K, used 12888K [0x34600000, 0x44600000, 0x44600000)
   the space 262144K,   4% used [0x34600000, 0x35296280, 0x35296400, 0x44600000)
No shared spaces configured.
Event: 37.251 GC heap after
Heap after GC invocations=5 (full 0):
 def new generation   total 235968K, used 11192K [0x04600000, 0x14600000, 0x14600000)
  eden space 209792K,   0% used [0x04600000, 0x04600000, 0x112e0000)
  from space 26176K,  42% used [0x12c70000, 0x1375e1d8, 0x14600000)
  to   space 26176K,   0% used [0x112e0000, 0x112e0000, 0x12c70000)
 tenured generation   total 524288K, used 5840K [0x14600000, 0x34600000, 0x34600000)
   the space 524288K,   1% used [0x14600000, 0x14bb43a8, 0x14bb4400, 0x34600000)
 compacting perm gen  total 262144K, used 12888K [0x34600000, 0x44600000, 0x44600000)
   the space 262144K,   4% used [0x34600000, 0x35296280, 0x35296400, 0x44600000)
No shared spaces configured.
}
Event: 42.688 GC heap before
{Heap before GC invocations=5 (full 0):
 def new generation   total 235968K, used 220984K [0x04600000, 0x14600000, 0x14600000)
  eden space 209792K, 100% used [0x04600000, 0x112e0000, 0x112e0000)
  from space 26176K,  42% used [0x12c70000, 0x1375e1d8, 0x14600000)
  to   space 26176K,   0% used [0x112e0000, 0x112e0000, 0x12c70000)
 tenured generation   total 524288K, used 5840K [0x14600000, 0x34600000, 0x34600000)
   the space 524288K,   1% used [0x14600000, 0x14bb43a8, 0x14bb4400, 0x34600000)
 compacting perm gen  total 262144K, used 13800K [0x34600000, 0x44600000, 0x44600000)
   the space 262144K,   5% used [0x34600000, 0x3537a3f8, 0x3537a400, 0x44600000)
No shared spaces configured.
Event: 42.746 GC heap after
Heap after GC invocations=6 (full 0):
 def new generation   total 235968K, used 18614K [0x04600000, 0x14600000, 0x14600000)
  eden space 209792K,   0% used [0x04600000, 0x04600000, 0x112e0000)
  from space 26176K,  71% used [0x112e0000, 0x1250dbe8, 0x12c70000)
  to   space 26176K,   0% used [0x12c70000, 0x12c70000, 0x14600000)
 tenured generation   total 524288K, used 5840K [0x14600000, 0x34600000, 0x34600000)
   the space 524288K,   1% used [0x14600000, 0x14bb43a8, 0x14bb4400, 0x34600000)
 compacting perm gen  total 262144K, used 13800K [0x34600000, 0x44600000, 0x44600000)
   the space 262144K,   5% used [0x34600000, 0x3537a3f8, 0x3537a400, 0x44600000)
No shared spaces configured.
}
Event: 47.984 GC heap before
{Heap before GC invocations=6 (full 0):
 def new generation   total 235968K, used 228406K [0x04600000, 0x14600000, 0x14600000)
  eden space 209792K, 100% used [0x04600000, 0x112e0000, 0x112e0000)
  from space 26176K,  71% used [0x112e0000, 0x1250dbe8, 0x12c70000)
  to   space 26176K,   0% used [0x12c70000, 0x12c70000, 0x14600000)
 tenured generation   total 524288K, used 5840K [0x14600000, 0x34600000, 0x34600000)
   the space 524288K,   1% used [0x14600000, 0x14bb43a8, 0x14bb4400, 0x34600000)
 compacting perm gen  total 262144K, used 15113K [0x34600000, 0x44600000, 0x44600000)
   the space 262144K,   5% used [0x34600000, 0x354c27a8, 0x354c2800, 0x44600000)
No shared spaces configured.
Event: 48.057 GC heap after
Heap after GC invocations=7 (full 0):
 def new generation   total 235968K, used 15629K [0x04600000, 0x14600000, 0x14600000)
  eden space 209792K,   0% used [0x04600000, 0x04600000, 0x112e0000)
  from space 26176K,  59% used [0x12c70000, 0x13bb3648, 0x14600000)
  to   space 26176K,   0% used [0x112e0000, 0x112e0000, 0x12c70000)
 tenured generation   total 524288K, used 15400K [0x14600000, 0x34600000, 0x34600000)
   the space 524288K,   2% used [0x14600000, 0x1550a220, 0x1550a400, 0x34600000)
 compacting perm gen  total 262144K, used 15113K [0x34600000, 0x44600000, 0x44600000)
   the space 262144K,   5% used [0x34600000, 0x354c27a8, 0x354c2800, 0x44600000)
No shared spaces configured.
}
Event: 54.096 GC heap before
{Heap before GC invocations=7 (full 0):
 def new generation   total 235968K, used 225421K [0x04600000, 0x14600000, 0x14600000)
  eden space 209792K, 100% used [0x04600000, 0x112e0000, 0x112e0000)
  from space 26176K,  59% used [0x12c70000, 0x13bb3648, 0x14600000)
  to   space 26176K,   0% used [0x112e0000, 0x112e0000, 0x12c70000)
 tenured generation   total 524288K, used 15400K [0x14600000, 0x34600000, 0x34600000)
   the space 524288K,   2% used [0x14600000, 0x1550a220, 0x1550a400, 0x34600000)
 compacting perm gen  total 262144K, used 16909K [0x34600000, 0x44600000, 0x44600000)
   the space 262144K,   6% used [0x34600000, 0x35683598, 0x35683600, 0x44600000)
No shared spaces configured.
Event: 54.150 GC heap after
Heap after GC invocations=8 (full 0):
 def new generation   total 235968K, used 11691K [0x04600000, 0x14600000, 0x14600000)
  eden space 209792K,   0% used [0x04600000, 0x04600000, 0x112e0000)
  from space 26176K,  44% used [0x112e0000, 0x11e4afc0, 0x12c70000)
  to   space 26176K,   0% used [0x12c70000, 0x12c70000, 0x14600000)
 tenured generation   total 524288K, used 23651K [0x14600000, 0x34600000, 0x34600000)
   the space 524288K,   4% used [0x14600000, 0x15d18c60, 0x15d18e00, 0x34600000)
 compacting perm gen  total 262144K, used 16909K [0x34600000, 0x44600000, 0x44600000)
   the space 262144K,   6% used [0x34600000, 0x35683598, 0x35683600, 0x44600000)
No shared spaces configured.
}
Event: 56.882 GC heap before
{Heap before GC invocations=8 (full 0):
 def new generation   total 235968K, used 221483K [0x04600000, 0x14600000, 0x14600000)
  eden space 209792K, 100% used [0x04600000, 0x112e0000, 0x112e0000)
  from space 26176K,  44% used [0x112e0000, 0x11e4afc0, 0x12c70000)
  to   space 26176K,   0% used [0x12c70000, 0x12c70000, 0x14600000)
 tenured generation   total 524288K, used 23651K [0x14600000, 0x34600000, 0x34600000)
   the space 524288K,   4% used [0x14600000, 0x15d18c60, 0x15d18e00, 0x34600000)
 compacting perm gen  total 262144K, used 19144K [0x34600000, 0x44600000, 0x44600000)
   the space 262144K,   7% used [0x34600000, 0x358b2040, 0x358b2200, 0x44600000)
No shared spaces configured.

