# JRE version: Java(TM) SE Runtime Environment (7.0_79-b15) (build 1.7.0_79-b15)
# Java VM: Java HotSpot(TM) Client VM (24.79-b02 mixed mode windows-x86 )
Heap
 def new generation   total 235968K, used 223009K [0x04800000, 0x14800000, 0x14800000)
  eden space 209792K, 100% used [0x04800000, 0x114e0000, 0x114e0000)
  from space 26176K,  50% used [0x114e0000, 0x121c8558, 0x12e70000)
  to   space 26176K,  27% used [0x12e70000, 0x1355a068, 0x14800000)
 tenured generation   total 524288K, used 4045K [0x14800000, 0x34800000, 0x34800000)
   the space 524288K,   0% used [0x14800000, 0x14bf3500, 0x14bf3600, 0x34800000)
 compacting perm gen  total 262144K, used 12888K [0x34800000, 0x44800000, 0x44800000)
   the space 262144K,   4% used [0x34800000, 0x35496270, 0x35496400, 0x44800000)
GC Heap History (9 events):
Event: 0.975 GC heap before
{Heap before GC invocations=0 (full 0):
 def new generation   total 235968K, used 204048K [0x04800000, 0x14800000, 0x14800000)
  eden space 209792K,  97% used [0x04800000, 0x10f44060, 0x114e0000)
  from space 26176K,   0% used [0x114e0000, 0x114e0000, 0x12e70000)
  to   space 26176K,   0% used [0x12e70000, 0x12e70000, 0x14800000)
 tenured generation   total 524288K, used 0K [0x14800000, 0x34800000, 0x34800000)
   the space 524288K,   0% used [0x14800000, 0x14800000, 0x14800200, 0x34800000)
 compacting perm gen  total 262144K, used 4068K [0x34800000, 0x44800000, 0x44800000)
   the space 262144K,   1% used [0x34800000, 0x34bf9380, 0x34bf9400, 0x44800000)
No shared spaces configured.
Event: 0.993 GC heap after
Heap after GC invocations=1 (full 0):
 def new generation   total 235968K, used 5187K [0x04800000, 0x14800000, 0x14800000)
  eden space 209792K,   0% used [0x04800000, 0x04800000, 0x114e0000)
  from space 26176K,  19% used [0x12e70000, 0x13380e50, 0x14800000)
  to   space 26176K,   0% used [0x114e0000, 0x114e0000, 0x12e70000)
 tenured generation   total 524288K, used 0K [0x14800000, 0x34800000, 0x34800000)
   the space 524288K,   0% used [0x14800000, 0x14800000, 0x14800200, 0x34800000)
 compacting perm gen  total 262144K, used 4068K [0x34800000, 0x44800000, 0x44800000)
   the space 262144K,   1% used [0x34800000, 0x34bf9380, 0x34bf9400, 0x44800000)
No shared spaces configured.
}
Event: 2.111 GC heap before
{Heap before GC invocations=1 (full 0):
 def new generation   total 235968K, used 213651K [0x04800000, 0x14800000, 0x14800000)
  eden space 209792K,  99% used [0x04800000, 0x11393ec8, 0x114e0000)
  from space 26176K,  19% used [0x12e70000, 0x13380e50, 0x14800000)
  to   space 26176K,   0% used [0x114e0000, 0x114e0000, 0x12e70000)
 tenured generation   total 524288K, used 0K [0x14800000, 0x34800000, 0x34800000)
   the space 524288K,   0% used [0x14800000, 0x14800000, 0x14800200, 0x34800000)
 compacting perm gen  total 262144K, used 6661K [0x34800000, 0x44800000, 0x44800000)
   the space 262144K,   2% used [0x34800000, 0x34e81688, 0x34e81800, 0x44800000)
No shared spaces configured.
Event: 2.127 GC heap after
Heap after GC invocations=2 (full 0):
 def new generation   total 235968K, used 7150K [0x04800000, 0x14800000, 0x14800000)
  eden space 209792K,   0% used [0x04800000, 0x04800000, 0x114e0000)
  from space 26176K,  27% used [0x114e0000, 0x11bdba60, 0x12e70000)
  to   space 26176K,   0% used [0x12e70000, 0x12e70000, 0x14800000)
 tenured generation   total 524288K, used 0K [0x14800000, 0x34800000, 0x34800000)
   the space 524288K,   0% used [0x14800000, 0x14800000, 0x14800200, 0x34800000)
 compacting perm gen  total 262144K, used 6661K [0x34800000, 0x44800000, 0x44800000)
   the space 262144K,   2% used [0x34800000, 0x34e81688, 0x34e81800, 0x44800000)
No shared spaces configured.
}
Event: 2.954 GC heap before
{Heap before GC invocations=2 (full 0):
 def new generation   total 235968K, used 212405K [0x04800000, 0x14800000, 0x14800000)
  eden space 209792K,  97% used [0x04800000, 0x11071a70, 0x114e0000)
  from space 26176K,  27% used [0x114e0000, 0x11bdba60, 0x12e70000)
  to   space 26176K,   0% used [0x12e70000, 0x12e70000, 0x14800000)
 tenured generation   total 524288K, used 0K [0x14800000, 0x34800000, 0x34800000)
   the space 524288K,   0% used [0x14800000, 0x14800000, 0x14800200, 0x34800000)
 compacting perm gen  total 262144K, used 9915K [0x34800000, 0x44800000, 0x44800000)
   the space 262144K,   3% used [0x34800000, 0x351aee38, 0x351af000, 0x44800000)
No shared spaces configured.
Event: 2.990 GC heap after
Heap after GC invocations=3 (full 0):
 def new generation   total 235968K, used 13345K [0x04800000, 0x14800000, 0x14800000)
  eden space 209792K,   0% used [0x04800000, 0x04800000, 0x114e0000)
  from space 26176K,  50% used [0x12e70000, 0x13b78498, 0x14800000)
  to   space 26176K,   0% used [0x114e0000, 0x114e0000, 0x12e70000)
 tenured generation   total 524288K, used 0K [0x14800000, 0x34800000, 0x34800000)
   the space 524288K,   0% used [0x14800000, 0x14800000, 0x14800200, 0x34800000)
 compacting perm gen  total 262144K, used 9915K [0x34800000, 0x44800000, 0x44800000)
   the space 262144K,   3% used [0x34800000, 0x351aee38, 0x351af000, 0x44800000)
No shared spaces configured.
}
Event: 4.144 GC heap before
{Heap before GC invocations=3 (full 0):
 def new generation   total 235968K, used 214934K [0x04800000, 0x14800000, 0x14800000)
  eden space 209792K,  96% used [0x04800000, 0x10cdd5f8, 0x114e0000)
  from space 26176K,  50% used [0x12e70000, 0x13b78498, 0x14800000)
  to   space 26176K,   0% used [0x114e0000, 0x114e0000, 0x12e70000)
 tenured generation   total 524288K, used 0K [0x14800000, 0x34800000, 0x34800000)
   the space 524288K,   0% used [0x14800000, 0x14800000, 0x14800200, 0x34800000)
 compacting perm gen  total 262144K, used 11969K [0x34800000, 0x44800000, 0x44800000)
   the space 262144K,   4% used [0x34800000, 0x353b07c0, 0x353b0800, 0x44800000)
No shared spaces configured.
Event: 4.201 GC heap after
Heap after GC invocations=4 (full 0):
 def new generation   total 235968K, used 13217K [0x04800000, 0x14800000, 0x14800000)
  eden space 209792K,   0% used [0x04800000, 0x04800000, 0x114e0000)
  from space 26176K,  50% used [0x114e0000, 0x121c8558, 0x12e70000)
  to   space 26176K,   0% used [0x12e70000, 0x12e70000, 0x14800000)
 tenured generation   total 524288K, used 3889K [0x14800000, 0x34800000, 0x34800000)
   the space 524288K,   0% used [0x14800000, 0x14bcc410, 0x14bcc600, 0x34800000)
 compacting perm gen  total 262144K, used 11969K [0x34800000, 0x44800000, 0x44800000)
   the space 262144K,   4% used [0x34800000, 0x353b07c0, 0x353b0800, 0x44800000)
No shared spaces configured.
}
Event: 4.697 GC heap before
{Heap before GC invocations=4 (full 0):
 def new generation   total 235968K, used 223009K [0x04800000, 0x14800000, 0x14800000)
  eden space 209792K, 100% used [0x04800000, 0x114e0000, 0x114e0000)
  from space 26176K,  50% used [0x114e0000, 0x121c8558, 0x12e70000)
  to   space 26176K,   0% used [0x12e70000, 0x12e70000, 0x14800000)
 tenured generation   total 524288K, used 3889K [0x14800000, 0x34800000, 0x34800000)
   the space 524288K,   0% used [0x14800000, 0x14bcc410, 0x14bcc600, 0x34800000)
 compacting perm gen  total 262144K, used 12888K [0x34800000, 0x44800000, 0x44800000)
   the space 262144K,   4% used [0x34800000, 0x35496270, 0x35496400, 0x44800000)
No shared spaces configured.

